<?xml version="1.0" encoding="UTF-8"?>
<testng-results ignored="0" total="1" passed="1" failed="0" skipped="0">
  <reporter-output>
  </reporter-output>
  <suite started-at="2022-09-18T21:16:11 GMT-04:00" name="Default suite" finished-at="2022-09-18T21:16:28 GMT-04:00" duration-ms="17095">
    <groups>
    </groups>
    <test started-at="2022-09-18T21:16:11 GMT-04:00" name="Default test" finished-at="2022-09-18T21:16:28 GMT-04:00" duration-ms="17095">
      <class name="actions.Test_GetAPIS">
        <test-method signature="getdetails()[pri:0, instance:actions.Test_GetAPIS@4a7f959b]" started-at="2022-09-18T21:16:11 GMT-04:00" name="getdetails" finished-at="2022-09-18T21:16:28 GMT-04:00" duration-ms="16841" status="PASS">
          <reporter-output>
          </reporter-output>
        </test-method> <!-- getdetails -->
      </class> <!-- actions.Test_GetAPIS -->
    </test> <!-- Default test -->
  </suite> <!-- Default suite -->
</testng-results>
